****************************************************************************
***                            Sentaurus Mesh                            ***
***                          Version Q-2019.12                           ***
***                       (1.1295, x86_64, Linux)                        ***
***                                                                      ***
***                       Copyright (C) 2005-2019                        ***
***                            Synopsys, Inc.                            ***
***                                                                      ***
***  This software and the associated documentation are confidential     ***
***  and proprietary to Synopsys, Inc.  Your use or disclosure of this   ***
***  software is subject to the terms and conditions of a written        ***
***  license agreement between you, or your company, and Synopsys, Inc.  ***
****************************************************************************

Compiled Thu Nov 14 15:21:16 PST 2019 on: tcadprod35
Running on: fet41
Hardware type: x86_64
OS name: Linux
OS release: 4.18.0-193.6.3.el8_2.x86_64
OS version: #1 SMP Wed Jun 10 11:09:32 UTC 2020
Process ID: 4676

Flags used:

** Generating 2d grid **

Creating binary tree...done.
Imprinting binary tree on the boundary...done.
Optimizing boundary nodes...done.

Number of vertices after binary tree generation : 
  8481 (tree) + 576 (boundary)

** Delaunizing the mesh **

Creating delaunizer input...done.
Solving edges...done 
Optimizing elements...done. (8485 vertices)
Fixing diagonals...done.

The final mesh has: 
    8481 points.
   16384 elements.
       1 regions.
Max. connectivity = 6 located at (1.86328;0.39375)


==============================  tri-grid quality  ================================
    0  10  20  30  40  50  60  70  80  90 100 110 120 130 140 150 160 170 180
 %       33                          33  33                                
---------------------------------------------------------------------------------
minAngle: 11.9322  maxAngle: 90
nVerts = 8481  nTris = 16384  nMats = 1
max connectivity (tris per node): 6
bmin: -0 -0
bmax: 477 12.6
min edgeLength: 0.39375  [near (37.2656 8.46562)]
min volume: 0.366833  max volume: 0.366833  Total volume: 6010.2
bbox  volume: 6010.2
Are all boundaries on bbox? true
=================================================================================

Smallest region: tranzistor  Total volume: 6010.2
Interpolating data...done.
done.
Saving file /mnt/diskX/8209/Ilin/kursov/kt631_msh.tdr...done.

===============================  Timer Report===================================
              Total Mesh Generation Time:     0.389s       100%
                       Rate of #Vertices:  2.18e+04
                          Rate of #Edges:  4.28e+04
                          Rate of #Faces:  4.21e+04
                       Rate of #Elements:         0

                            Time Covered:         0s         0%

