###########################################
# Sentaurus Visual Q-2019.12.
# Tcl log file.
#------------------------------------------
# Date: окт. 22, 2021. 11:36:08.
# Version: 30.0.1295 (1.1295)
# Mode: Interactive (GUI).
# Mesa: enabled.
# Hostname: fet43.
# Machine: Linux, x86_64, x86_64.
# Kernel: 4.18.0-193.6.3.el8_2.x86_64.
###########################################

load_file /mnt/diskX/8209/Ilin/Lesson3/Lesson_3_des.plt
create_plot -1d
select_plots {Plot_1}
#-> Plot_1
#-> Plot_1
#-> Lesson_3_des
create_curve -plot Plot_1 -dataset {Lesson_3_des} -axisX time -axisY v(1)
#-> Curve_1
create_curve -plot Plot_1 -dataset {Lesson_3_des} -axisX time -axisY v(2)
#-> Curve_2
create_curve -plot Plot_1 -dataset {Lesson_3_des} -axisX time -axisY v(3)
#-> Curve_3
create_curve -plot Plot_1 -name minus -function <Curve_2>-<Curve_3>
#-> minus
create_curve -plot Plot_1 -dataset {Lesson_3_des} -axisX time -axisY2 i(rout,3)
#-> Curve_4
exit 0
 
