****************************************************************************
***                            Sentaurus Mesh                            ***
***                          Version Q-2019.12                           ***
***                       (1.1295, x86_64, Linux)                        ***
***                                                                      ***
***                       Copyright (C) 2005-2019                        ***
***                            Synopsys, Inc.                            ***
***                                                                      ***
***  This software and the associated documentation are confidential     ***
***  and proprietary to Synopsys, Inc.  Your use or disclosure of this   ***
***  software is subject to the terms and conditions of a written        ***
***  license agreement between you, or your company, and Synopsys, Inc.  ***
****************************************************************************

Compiled Thu Nov 14 15:21:16 PST 2019 on: tcadprod35
Running on: fet44
Hardware type: x86_64
OS name: Linux
OS release: 4.18.0-193.6.3.el8_2.x86_64
OS version: #1 SMP Wed Jun 10 11:09:32 UTC 2020
Process ID: 5257

Flags used:

** Generating 2d grid **

Creating binary tree...done.
Imprinting binary tree on the boundary...done.
Optimizing boundary nodes...done.

Number of vertices after binary tree generation : 
  7105 (tree) + 1105 (boundary)

** Delaunizing the mesh **

Creating delaunizer input...done.
Solving edges...done 
Optimizing elements...done. (7622 vertices)
Fixing diagonals...done.

The final mesh has: 
    7618 points.
   14640 elements.
       4 regions.
Max. connectivity = 7 located at (0.146631;0.0585938)


==============================  tri-grid quality  ================================
    0  10  20  30  40  50  60  70  80  90 100 110 120 130 140 150 160 170 180
 %    2   3  21   3   2   5   3  21   4  35                                
---------------------------------------------------------------------------------
minAngle: 3.29088  maxAngle: 90
nVerts = 7618  nTris = 14640  nMats = 2
max connectivity (tris per node): 7
bmin: -0 -0
bmax: 75.075 15
min edgeLength: 0.00168457  [near (0.0741577 0.263672)]
min volume: 2.46763e-05  max volume: 4.39893  Total volume: 1126.12
bbox  volume: 1126.12
Are all boundaries on bbox? true
=================================================================================

Smallest region: emitter  Total volume: 1.125
Interpolating data...done.
done.
Saving file /mnt/diskX/8209/Koryagin/Lesson1_msh.tdr...done.

===============================  Timer Report===================================
              Total Mesh Generation Time:     0.334s       100%
                       Rate of #Vertices:  2.28e+04
                          Rate of #Edges:  4.56e+04
                          Rate of #Faces:  4.39e+04
                       Rate of #Elements:         0

                            Time Covered:         0s         0%

